<?xml version="1.0" encoding="UTF-8"?>
<!-- Generated by org.testng.reporters.JUnitReportReporter -->
<testsuite hostname="DESKTOP-A7UMFTD" failures="0" tests="1" name="com.inetbanking.testCases.TC_AddCustomerTest_003" time="37.489" errors="0" timestamp="12 Sep 2021 05:57:19 GMT" skipped="0">
  <testcase classname="com.inetbanking.testCases.TC_AddCustomerTest_003" name="addNewCustomer" time="37.489"/>
</testsuite> <!-- com.inetbanking.testCases.TC_AddCustomerTest_003 -->
