<?xml version="1.0" encoding="UTF-8"?>
<!-- Generated by org.testng.reporters.JUnitReportReporter -->
<testsuite hostname="DESKTOP-A7UMFTD" failures="0" tests="1" name="com.inetbanking.testCases.TC_LoginTest_001" time="6.979" errors="0" timestamp="12 Sep 2021 12:31:15 GMT" skipped="0">
  <testcase classname="com.inetbanking.testCases.TC_LoginTest_001" name="loginTest" time="6.979"/>
</testsuite> <!-- com.inetbanking.testCases.TC_LoginTest_001 -->
