<?xml version="1.0" encoding="UTF-8"?>
<!-- Generated by org.testng.reporters.JUnitReportReporter -->
<testsuite hostname="DESKTOP-A7UMFTD" failures="0" tests="1" name="com.inetbanking.testCases.TC_AddCustomerTest_003" time="24.363" errors="0" timestamp="12 Sep 2021 12:31:15 GMT" skipped="0">
  <testcase classname="com.inetbanking.testCases.TC_AddCustomerTest_003" name="addNewCustomer" time="24.363"/>
</testsuite> <!-- com.inetbanking.testCases.TC_AddCustomerTest_003 -->
